D:\VISUAL\FINAL PROJECT\DEBUG\FINAL PROJECT.EXE
D:\VISUAL\FINAL PROJECT\DEBUG\FINAL PROJECT.ILK
D:\VISUAL\FINAL PROJECT\DEBUG\FINAL PROJECT.PDB
D:\VISUAL\FINAL PROJECT\FINAL PROJECT\DEBUG\ADD.OBJ
D:\VISUAL\FINAL PROJECT\FINAL PROJECT\DEBUG\APP.RES
D:\VISUAL\FINAL PROJECT\FINAL PROJECT\DEBUG\ASSEMBLYINFO.OBJ
D:\VISUAL\FINAL PROJECT\FINAL PROJECT\DEBUG\FINAL PROJECT.EXE.INTERMEDIATE.MANIFEST
D:\VISUAL\FINAL PROJECT\FINAL PROJECT\DEBUG\FINAL PROJECT.OBJ
D:\VISUAL\FINAL PROJECT\FINAL PROJECT\DEBUG\FINAL PROJECT.PCH
D:\VISUAL\FINAL PROJECT\FINAL PROJECT\DEBUG\STDAFX.OBJ
D:\VISUAL\FINAL PROJECT\FINAL PROJECT\DEBUG\VC100.PDB
F:\FINAL PROJECT\FINAL PROJECT\FINAL PROJECT\DEBUG\FINAL PROJECT.EXE
F:\FINAL PROJECT\FINAL PROJECT\FINAL PROJECT\DEBUG\FINAL PROJECT.ILK
F:\FINAL PROJECT\FINAL PROJECT\FINAL PROJECT\DEBUG\FINAL PROJECT.PDB
F:\FINAL PROJECT\FINAL PROJECT\FINAL PROJECT\FINAL PROJECT\DEBUG\.NETFRAMEWORK,VERSION=V4.0.ASSEMBLYATTRIBUTES.OBJ
F:\FINAL PROJECT\FINAL PROJECT\FINAL PROJECT\FINAL PROJECT\DEBUG\ADD.OBJ
F:\FINAL PROJECT\FINAL PROJECT\FINAL PROJECT\FINAL PROJECT\DEBUG\APP.RES
F:\FINAL PROJECT\FINAL PROJECT\FINAL PROJECT\FINAL PROJECT\DEBUG\ASSEMBLYINFO.OBJ
F:\final project\final project\final project\final project\Debug\cl.command.1.tlog
F:\final project\final project\final project\final project\Debug\CL.read.1.tlog
F:\final project\final project\final project\final project\Debug\CL.write.1.tlog
F:\FINAL PROJECT\FINAL PROJECT\FINAL PROJECT\FINAL PROJECT\DEBUG\FINAL PROJECT.EXE.INTERMEDIATE.MANIFEST
F:\FINAL PROJECT\FINAL PROJECT\FINAL PROJECT\FINAL PROJECT\DEBUG\FINAL PROJECT.OBJ
F:\FINAL PROJECT\FINAL PROJECT\FINAL PROJECT\FINAL PROJECT\DEBUG\FINAL PROJECT.PCH
F:\final project\final project\final project\final project\Debug\final project.vcxproj.GenerateResource.Cache
F:\final project\final project\final project\final project\Debug\final project.vcxprojResolveAssemblyReference.cache
F:\final project\final project\final project\final project\Debug\final project.write.1.tlog
F:\final project\final project\final project\final project\Debug\finalproject.add.resources
F:\final project\final project\final project\final project\Debug\finalproject.Form1.resources
F:\final project\final project\final project\final project\Debug\link.12172.read.1.tlog
F:\final project\final project\final project\final project\Debug\link.12172.write.1.tlog
F:\final project\final project\final project\final project\Debug\link.12172-cvtres.read.1.tlog
F:\final project\final project\final project\final project\Debug\link.12172-cvtres.write.1.tlog
F:\final project\final project\final project\final project\Debug\link.4496.read.1.tlog
F:\final project\final project\final project\final project\Debug\link.4496.write.1.tlog
F:\final project\final project\final project\final project\Debug\link.4496-cvtres.read.1.tlog
F:\final project\final project\final project\final project\Debug\link.4496-cvtres.write.1.tlog
F:\final project\final project\final project\final project\Debug\link.command.1.tlog
F:\final project\final project\final project\final project\Debug\link.read.1.tlog
F:\final project\final project\final project\final project\Debug\link.write.1.tlog
F:\final project\final project\final project\final project\Debug\metagen.read.1.tlog
F:\final project\final project\final project\final project\Debug\metagen.write.1.tlog
F:\final project\final project\final project\final project\Debug\mt.command.1.tlog
F:\final project\final project\final project\final project\Debug\mt.read.1.tlog
F:\final project\final project\final project\final project\Debug\mt.write.1.tlog
F:\final project\final project\final project\final project\Debug\rc.command.1.tlog
F:\final project\final project\final project\final project\Debug\rc.read.1.tlog
F:\final project\final project\final project\final project\Debug\rc.write.1.tlog
F:\FINAL PROJECT\FINAL PROJECT\FINAL PROJECT\FINAL PROJECT\DEBUG\STDAFX.OBJ
F:\final project\final project\final project\final project\Debug\TZRES.DLL.bi
F:\FINAL PROJECT\FINAL PROJECT\FINAL PROJECT\FINAL PROJECT\DEBUG\VC100.PDB
